Running: D:\14.7\ISE_DS\ISE\bin\nt64\unwrapped\fuse.exe -intstyle ise -incremental -lib secureip -o E:/VHDL/MUL8/MUL8_tb_isim_beh.exe -prj E:/VHDL/MUL8/MUL8_tb_beh.prj work.MUL8_tb 
ISim P.20131013 (signature 0x7708f090)
Number of CPUs detected in this system: 4
Turning on mult-threading, number of parallel sub-compilation jobs: 8 
Determining compilation order of HDL files
Parsing VHDL file "E:/VHDL/MUL8/MUL4_COM.vhd" into library work
Parsing VHDL file "E:/VHDL/MUL8/MUL2_COM.vhd" into library work
Parsing VHDL file "E:/VHDL/MUL8/MUL8.vhd" into library work
Parsing VHDL file "E:/VHDL/MUL8/MUL8_tb.vhd" into library work
Starting static elaboration
Completed static elaboration
Compiling package standard
Compiling package std_logic_1164
Compiling architecture behavioral of entity MUL4_COM [mul4_com_default]
Compiling architecture behavioral of entity MUL2_COM [mul2_com_default]
Compiling architecture behavioral of entity MUL8 [mul8_default]
Compiling architecture behavior of entity mul8_tb
Time Resolution for simulation is 1ps.
Waiting for 1 sub-compilation(s) to finish...
Compiled 9 VHDL Units
Built simulation executable E:/VHDL/MUL8/MUL8_tb_isim_beh.exe
Fuse Memory Usage: 29584 KB
Fuse CPU Usage: 671 ms
